Start testing: Feb 02 10:06 UTC
----------------------------------------------------------
1/1 Testing: triad
1/1 Test: triad
Command: "/workspace/LLVM-Tracer/build/example/triad/triad-instrumented"
Directory: /workspace/LLVM-Tracer/build/example/triad
"triad" start time: Feb 02 10:06 UTC
Output:
----------------------------------------------------------
dynamic_trace.gz: Starting to log at inst = 0.
dynamic_trace.gz: Stopping logging at inst 24578.
<end of output>
Test time =   0.09 sec
----------------------------------------------------------
Test Passed.
"triad" end time: Feb 02 10:06 UTC
"triad" time elapsed: 00:00:00
----------------------------------------------------------

End testing: Feb 02 10:06 UTC
